<?xml version="1.0" encoding="UTF-8"?>
<testsuite name="tests.RegistrationTests" tests="1" skipped="0" failures="0" errors="0" timestamp="2022-07-04T20:10:53" hostname="LAPTOP-34E5I2R6" time="0.577">
  <properties/>
  <testcase name="registrationSuccess" classname="tests.RegistrationTests" time="0.577"/>
  <system-out><![CDATA[]]></system-out>
  <system-err><![CDATA[]]></system-err>
</testsuite>
